<?xml version="1.0" encoding="UTF-8"?>
<!-- Generated by org.testng.reporters.JUnitReportReporter -->
<testsuite hostname="Mukesh" name="applicationTestCases.LoginCRM" tests="1" failures="0" timestamp="14 Jan 2018 04:51:49 GMT" time="10.346" errors="0">
  <testcase name="loginAdmin" time="10.346" classname="applicationTestCases.LoginCRM"/>
</testsuite> <!-- applicationTestCases.LoginCRM -->
